Arguments: 
  C:\Program Files\nodejs\node.exe C:\Program Files (x86)\Yarn\bin\yarn.js install

PATH: 
  C:\ProgramData\DockerDesktop\version-bin;C:\Program Files\Docker\Docker\Resources\bin;C:\Program Files (x86)\Common Files\Oracle\Java\javapath;C:\ProgramData\Oracle\Java\javapath;C:\Program Files (x86)\Intel\iCLS Client\;C:\Program Files\Intel\iCLS Client\;C:\WINDOWS\system32;C:\WINDOWS;C:\WINDOWS\System32\Wbem;C:\WINDOWS\System32\WindowsPowerShell\v1.0\;C:\Program Files (x86)\Intel\Intel(R) Management Engine Components\DAL;C:\Program Files\Intel\Intel(R) Management Engine Components\DAL;C:\Program Files (x86)\Intel\Intel(R) Management Engine Components\IPT;C:\Program Files\Intel\Intel(R) Management Engine Components\IPT;C:\Program Files\PuTTY\;C:\Program Files\Git\cmd;C:\Users\Jakub\AppData\Roaming\nvm;C:\Program Files\nodejs;C:\Program Files\nodejs\;C:\Program Files\dotnet\;C:\ProgramData\chocolatey\bin;;C:\WINDOWS\System32\OpenSSH\;C:\Program Files\Microsoft VS Code\bin;C:\Program Files (x86)\dotnet\;C:\Program Files\Intel\WiFi\bin\;C:\Program Files\Common Files\Intel\WirelessCommon\;C:\Go\bin;C:\Program Files (x86)\Yarn\bin\;C:\Users\Jakub\.cargo\bin;C:\Users\Jakub\AppData\Local\Programs\Python\Python36\Scripts\;C:\Users\Jakub\AppData\Local\Programs\Python\Python36\;C:\Users\Jakub\AppData\Local\Microsoft\WindowsApps;C:\Users\Jakub\AppData\Roaming\npm;C:\Users\Jakub\AppData\Local\now-cli;C:\Users\Jakub\AppData\Local\Programs\Python\Python36\Lib\site-packages\win32\;C:\Users\Jakub\AppData\Local\Programs\Python\Python36\Lib\site-packages\pywin32_system32\;C:\Program Files\JetBrains\IntelliJ IDEA Community Edition 2018.3.4\bin;C:\Program Files\heroku\bin;C:\Users\Jakub\AppData\Local\hyper\app-3.0.2\resources\bin;C:\Program Files (x86)\Nmap;C:\Users\Jakub\go\bin;C:\tools\dart-sdk\bin;C:\Users\Jakub\AppData\Roaming\Pub\Cache\bin;C:\Users\Jakub\AppData\Local\Yarn\bin

Yarn version: 
  1.17.3

Node version: 
  10.15.3

Platform: 
  win32 x64

Trace: 
  Error: EPERM: operation not permitted, lstat 'C:\Users\Jakub\Desktop\makerslab\farm-client\node_modules\.bin'

npm manifest: 
  {
    "name": "makerslab-farm",
    "version": "0.4.0",
    "description": "Webb app for managing multiple 3D printers running octoprint",
    "main": "index.js",
    "scripts": {
      "test": "echo \"Error: no test specified\" && exit 1",
      "build": "webpack --optimize-minimize --config ./internals/webpack/webpack.dev.babel.js --progress --colors",
      "prod": "webpack  --optimize-minimize --config ./internals/webpack/webpack.prod.babel.js --progress",
      "dev": "node node_modules/webpack-dev-server/bin/webpack-dev-server.js --config ./internals/webpack/webpack.dev.babel.js --host=0.0.0.0"
    },
    "repository": {
      "type": "git",
      "url": "git+ssh://git@github.com/MakersLab/farm.git"
    },
    "author": "Jakub Zika",
    "license": "ISC",
    "bugs": {
      "url": "https://github.com/MakersLab/farm/issues"
    },
    "homepage": "https://github.com/MakersLab/farm#readme",
    "babel": {
      "presets": [
        [
          "latest",
          {
            "es2015": {
              "modules": false
            }
          }
        ],
        "react",
        "stage-0"
      ],
      "env": {
        "production": {
          "only": [
            "app"
          ],
          "plugins": [
            "transform-react-remove-prop-types",
            "transform-react-constant-elements",
            "transform-react-inline-elements"
          ]
        },
        "test": {
          "plugins": [
            "transform-es2015-modules-commonjs",
            "dynamic-import-node",
            "react-hot-loader/babel"
          ]
        }
      }
    },
    "dependencies": {
      "babel-eslint": "7.1.1",
      "babel-polyfill": "6.23.0",
      "bulma": "0.4.0",
      "cheerio": "0.22.0",
      "css-loader": "0.28.0",
      "eslint-plugin-import": "2.2.0",
      "eslint-plugin-jsx-a11y": "4.0.0",
      "eslint-plugin-react": "6.10.3",
      "extract-text-webpack-plugin": "2.1.0",
      "file-loader": "0.11.1",
      "html-webpack-plugin": "2.24.1",
      "immutable": "3.8.1",
      "lodash": "4.17.2",
      "moment": "2.18.1",
      "path": "0.12.7",
      "postcss": "5.2.16",
      "postcss-cssnext": "2.10.0",
      "postcss-import": "9.1.0",
      "postcss-loader": "1.3.3",
      "postcss-scss": "0.4.1",
      "precss": "1.4.0",
      "progressbar.js": "1.0.1",
      "react": "15.4.2",
      "react-dom": "15.4.2",
      "react-dropzone": "3.13.1",
      "react-file-input": "0.2.5",
      "react-helmet": "3.2.2",
      "react-hot-loader": "3.0.0-beta.6",
      "react-intl": "2.1.5",
      "react-modal": "1.7.7",
      "react-progressbar.js": "0.2.0",
      "react-redux": "4.4.6",
      "react-router": "4.0.0",
      "react-router-dom": "4.0.0",
      "react-router-redux": "4.0.6",
      "redux": "3.6.0",
      "redux-immutable": "3.0.8",
      "redux-saga": "0.14.0",
      "request": "2.81.0",
      "styled-components": "1.1.2",
      "warning": "3.0.0",
      "webpack": "^2.3.1",
      "yaml-loader": "0.4.0"
    },
    "devDependencies": {
      "babel-cli": "6.18.0",
      "babel-core": "6.21.0",
      "babel-eslint": "7.1.1",
      "babel-loader": "6.2.10",
      "babel-plugin-dynamic-import-node": "1.0.0",
      "babel-plugin-react-intl": "2.2.0",
      "babel-plugin-react-transform": "2.0.2",
      "babel-plugin-transform-es2015-modules-commonjs": "6.18.0",
      "babel-plugin-transform-react-constant-elements": "6.9.1",
      "babel-plugin-transform-react-inline-elements": "6.8.0",
      "babel-plugin-transform-react-remove-prop-types": "0.2.11",
      "babel-preset-es2015": "6.24.0",
      "babel-preset-latest": "6.16.0",
      "babel-preset-react": "6.16.0",
      "babel-preset-react-hmre": "1.1.1",
      "babel-preset-stage-0": "6.16.0",
      "css-loader": "0.28.0",
      "eslint": "3.18.0",
      "eslint-config-airbnb": "14.1.0",
      "eslint-import-resolver-webpack": "0.8.1",
      "eslint-plugin-import": "2.2.0",
      "eslint-plugin-jsx-a11y": "4.0.0",
      "eslint-plugin-react": "6.9.0",
      "eslint-plugin-redux-saga": "0.3.0",
      "postcss-loader": "1.3.3",
      "style-loader": "0.16.1",
      "webpack": "2.3.3",
      "webpack-bundle-analyzer": "2.4.0",
      "webpack-dev-server": "2.4.2"
    }
  }

yarn manifest: 
  No manifest

Lockfile: 
  No lockfile
